nov 01, 2017 9:00:43 PM org.apache.catalina.core.AprLifecycleListener init
INFORMACIÓN: La biblioteca nativa de Apache Tomcat basada en ARP que permite un rendimiento óptimo en entornos de desarrollo no ha sido hallada en java.library.path: /usr/java/packages/lib/amd64:/usr/lib64:/lib64:/lib:/usr/lib
nov 01, 2017 9:00:44 PM org.apache.coyote.AbstractProtocol init
INFORMACIÓN: Initializing ProtocolHandler ["http-bio-8080"]
nov 01, 2017 9:00:44 PM org.apache.coyote.AbstractProtocol init
INFORMACIÓN: Initializing ProtocolHandler ["ajp-bio-8009"]
nov 01, 2017 9:00:44 PM org.apache.openejb.util.OptionsLog info
INFORMACIÓN: Using 'tomee.remote.support=true'
nov 01, 2017 9:00:44 PM org.apache.openejb.util.OptionsLog info
INFORMACIÓN: Using 'openejb.jdbc.datasource-creator=org.apache.tomee.jdbc.TomEEDataSourceCreator'
nov 01, 2017 9:00:45 PM org.apache.openejb.OpenEJB$Instance <init>
INFORMACIÓN: ********************************************************************************
nov 01, 2017 9:00:45 PM org.apache.openejb.OpenEJB$Instance <init>
INFORMACIÓN: OpenEJB http://openejb.apache.org/
nov 01, 2017 9:00:45 PM org.apache.openejb.OpenEJB$Instance <init>
INFORMACIÓN: Startup: Wed Nov 01 21:00:45 ART 2017
nov 01, 2017 9:00:45 PM org.apache.openejb.OpenEJB$Instance <init>
INFORMACIÓN: Copyright 1999-2013 (C) Apache OpenEJB Project, All Rights Reserved.
nov 01, 2017 9:00:45 PM org.apache.openejb.OpenEJB$Instance <init>
INFORMACIÓN: Version: 4.7.0
nov 01, 2017 9:00:45 PM org.apache.openejb.OpenEJB$Instance <init>
INFORMACIÓN: Build date: 20140810
nov 01, 2017 9:00:45 PM org.apache.openejb.OpenEJB$Instance <init>
INFORMACIÓN: Build time: 12:40
nov 01, 2017 9:00:45 PM org.apache.openejb.OpenEJB$Instance <init>
INFORMACIÓN: ********************************************************************************
nov 01, 2017 9:00:45 PM org.apache.openejb.OpenEJB$Instance <init>
INFORMACIÓN: openejb.home = /home/mauro/proyects/soho-master/target/apache-tomee
nov 01, 2017 9:00:45 PM org.apache.openejb.OpenEJB$Instance <init>
INFORMACIÓN: openejb.base = /home/mauro/proyects/soho-master/target/apache-tomee
nov 01, 2017 9:00:45 PM org.apache.openejb.cdi.CdiBuilder initializeOWB
INFORMACIÓN: Created new singletonService org.apache.openejb.cdi.ThreadSingletonServiceImpl@dbd940d
nov 01, 2017 9:00:45 PM org.apache.openejb.cdi.CdiBuilder initializeOWB
INFORMACIÓN: Succeeded in installing singleton service
nov 01, 2017 9:00:45 PM org.apache.openejb.config.ConfigurationFactory init
INFORMACIÓN: openejb configuration file is '/home/mauro/proyects/soho-master/target/apache-tomee/conf/tomee.xml'
nov 01, 2017 9:00:45 PM org.apache.openejb.config.ConfigurationFactory configureService
INFORMACIÓN: Configuring Service(id=Tomcat Security Service, type=SecurityService, provider-id=Tomcat Security Service)
nov 01, 2017 9:00:45 PM org.apache.openejb.config.ConfigurationFactory configureService
INFORMACIÓN: Configuring Service(id=Default Transaction Manager, type=TransactionManager, provider-id=Default Transaction Manager)
nov 01, 2017 9:00:45 PM org.apache.openejb.config.ConfigurationFactory configureService
INFORMACIÓN: Configuring Service(id=MysqlDs, type=Resource, provider-id=Default JDBC Database)
nov 01, 2017 9:00:45 PM org.apache.openejb.util.OptionsLog info
INFORMACIÓN: Using 'openejb.system.apps=true'
nov 01, 2017 9:00:45 PM org.apache.openejb.config.ConfigurationFactory configureApplication
INFORMACIÓN: Configuring enterprise application: openejb
nov 01, 2017 9:00:45 PM org.apache.openejb.config.InitEjbDeployments deploy
INFORMACIÓN: Using openejb.deploymentId.format '{ejbName}'
nov 01, 2017 9:00:45 PM org.apache.openejb.config.InitEjbDeployments deploy
INFORMACIÓN: Auto-deploying ejb openejb/Deployer: EjbDeployment(deployment-id=openejb/Deployer)
nov 01, 2017 9:00:45 PM org.apache.openejb.config.InitEjbDeployments deploy
INFORMACIÓN: Auto-deploying ejb openejb/ConfigurationInfo: EjbDeployment(deployment-id=openejb/ConfigurationInfo)
nov 01, 2017 9:00:45 PM org.apache.openejb.config.InitEjbDeployments deploy
INFORMACIÓN: Auto-deploying ejb MEJB: EjbDeployment(deployment-id=MEJB)
nov 01, 2017 9:00:45 PM org.apache.openejb.config.ConfigurationFactory configureService
INFORMACIÓN: Configuring Service(id=Default Stateless Container, type=Container, provider-id=Default Stateless Container)
nov 01, 2017 9:00:45 PM org.apache.openejb.config.AutoConfig createContainer
INFORMACIÓN: Auto-creating a container for bean openejb/Deployer: Container(type=STATELESS, id=Default Stateless Container)
nov 01, 2017 9:00:45 PM org.apache.openejb.config.AppInfoBuilder build
INFORMACIÓN: Enterprise application "openejb" loaded.
nov 01, 2017 9:00:45 PM org.apache.openejb.assembler.classic.Assembler createRecipe
INFORMACIÓN: Creating TransactionManager(id=Default Transaction Manager)
nov 01, 2017 9:00:45 PM org.apache.openejb.assembler.classic.Assembler createRecipe
INFORMACIÓN: Creating SecurityService(id=Tomcat Security Service)
nov 01, 2017 9:00:45 PM org.apache.openejb.assembler.classic.Assembler createRecipe
INFORMACIÓN: Creating Resource(id=MysqlDs)
nov 01, 2017 9:00:45 PM org.apache.tomee.jdbc.TomEEDataSourceCreator$TomEEDataSource readOnly
INFORMACIÓN: Disabling testOnBorrow since no validation query is provided
nov 01, 2017 9:00:45 PM org.apache.openejb.assembler.classic.Assembler createRecipe
INFORMACIÓN: Creating Container(id=Default Stateless Container)
nov 01, 2017 9:00:45 PM org.apache.openejb.assembler.classic.Assembler createApplication
INFORMACIÓN: Assembling app: openejb
nov 01, 2017 9:00:45 PM org.apache.openejb.util.OptionsLog info
INFORMACIÓN: Using 'openejb.jndiname.format={deploymentId}{interfaceType.openejbLegacyName}'
nov 01, 2017 9:00:45 PM org.apache.openejb.assembler.classic.JndiBuilder bind
INFORMACIÓN: Jndi(name=openejb/DeployerBusinessRemote) --> Ejb(deployment-id=openejb/Deployer)
nov 01, 2017 9:00:45 PM org.apache.openejb.assembler.classic.JndiBuilder bind
INFORMACIÓN: Jndi(name=global/openejb/openejb/Deployer!org.apache.openejb.assembler.Deployer) --> Ejb(deployment-id=openejb/Deployer)
nov 01, 2017 9:00:45 PM org.apache.openejb.assembler.classic.JndiBuilder bind
INFORMACIÓN: Jndi(name=global/openejb/openejb/Deployer) --> Ejb(deployment-id=openejb/Deployer)
nov 01, 2017 9:00:45 PM org.apache.openejb.assembler.classic.JndiBuilder bind
INFORMACIÓN: Jndi(name=openejb/ConfigurationInfoBusinessRemote) --> Ejb(deployment-id=openejb/ConfigurationInfo)
nov 01, 2017 9:00:45 PM org.apache.openejb.assembler.classic.JndiBuilder bind
INFORMACIÓN: Jndi(name=global/openejb/openejb/ConfigurationInfo!org.apache.openejb.assembler.classic.cmd.ConfigurationInfo) --> Ejb(deployment-id=openejb/ConfigurationInfo)
nov 01, 2017 9:00:45 PM org.apache.openejb.assembler.classic.JndiBuilder bind
INFORMACIÓN: Jndi(name=global/openejb/openejb/ConfigurationInfo) --> Ejb(deployment-id=openejb/ConfigurationInfo)
nov 01, 2017 9:00:45 PM org.apache.openejb.assembler.classic.JndiBuilder bind
INFORMACIÓN: Jndi(name=MEJB) --> Ejb(deployment-id=MEJB)
nov 01, 2017 9:00:45 PM org.apache.openejb.assembler.classic.JndiBuilder bind
INFORMACIÓN: Jndi(name=global/openejb/MEJB!javax.management.j2ee.ManagementHome) --> Ejb(deployment-id=MEJB)
nov 01, 2017 9:00:45 PM org.apache.openejb.assembler.classic.JndiBuilder bind
INFORMACIÓN: Jndi(name=global/openejb/MEJB) --> Ejb(deployment-id=MEJB)
nov 01, 2017 9:00:45 PM org.apache.openejb.assembler.classic.Assembler startEjbs
INFORMACIÓN: Created Ejb(deployment-id=MEJB, ejb-name=MEJB, container=Default Stateless Container)
nov 01, 2017 9:00:45 PM org.apache.openejb.assembler.classic.Assembler startEjbs
INFORMACIÓN: Created Ejb(deployment-id=openejb/ConfigurationInfo, ejb-name=openejb/ConfigurationInfo, container=Default Stateless Container)
nov 01, 2017 9:00:45 PM org.apache.openejb.assembler.classic.Assembler startEjbs
INFORMACIÓN: Created Ejb(deployment-id=openejb/Deployer, ejb-name=openejb/Deployer, container=Default Stateless Container)
nov 01, 2017 9:00:45 PM org.apache.openejb.assembler.classic.Assembler startEjbs
INFORMACIÓN: Started Ejb(deployment-id=MEJB, ejb-name=MEJB, container=Default Stateless Container)
nov 01, 2017 9:00:45 PM org.apache.openejb.assembler.classic.Assembler startEjbs
INFORMACIÓN: Started Ejb(deployment-id=openejb/ConfigurationInfo, ejb-name=openejb/ConfigurationInfo, container=Default Stateless Container)
nov 01, 2017 9:00:46 PM org.apache.openejb.assembler.classic.Assembler startEjbs
INFORMACIÓN: Started Ejb(deployment-id=openejb/Deployer, ejb-name=openejb/Deployer, container=Default Stateless Container)
nov 01, 2017 9:00:46 PM org.apache.openejb.assembler.classic.Assembler deployMBean
INFORMACIÓN: Deployed MBean(openejb.user.mbeans:application=openejb,group=org.apache.openejb.assembler.monitoring,name=JMXDeployer)
nov 01, 2017 9:00:46 PM org.apache.openejb.assembler.classic.Assembler createApplication
INFORMACIÓN: Deployed Application(path=openejb)
nov 01, 2017 9:00:46 PM org.apache.openejb.server.SimpleServiceManager start
INFORMACIÓN:   ** Bound Services **
nov 01, 2017 9:00:46 PM org.apache.openejb.server.SimpleServiceManager printRow
INFORMACIÓN:   NAME                 IP              PORT  
nov 01, 2017 9:00:46 PM org.apache.openejb.server.SimpleServiceManager start
INFORMACIÓN: -------
nov 01, 2017 9:00:46 PM org.apache.openejb.server.SimpleServiceManager start
INFORMACIÓN: Ready!
nov 01, 2017 9:00:46 PM org.apache.catalina.startup.Catalina load
INFORMACIÓN: Initialization processed in 2550 ms
nov 01, 2017 9:00:46 PM org.apache.tomee.catalina.OpenEJBNamingContextListener bindResource
INFORMACIÓN: Importing a Tomcat Resource with id 'UserDatabase' of type 'org.apache.catalina.UserDatabase'.
nov 01, 2017 9:00:46 PM org.apache.openejb.assembler.classic.Assembler createRecipe
INFORMACIÓN: Creating Resource(id=UserDatabase)
nov 01, 2017 9:00:46 PM org.apache.catalina.core.StandardService startInternal
INFORMACIÓN: Arrancando servicio Catalina
nov 01, 2017 9:00:46 PM org.apache.catalina.core.StandardEngine startInternal
INFORMACIÓN: Starting Servlet Engine: Apache Tomcat (TomEE)/7.0.55 (1.7.0)
nov 01, 2017 9:00:46 PM org.apache.catalina.startup.HostConfig deployWAR
INFORMACIÓN: Despliegue del archivo /home/mauro/proyects/soho-master/target/apache-tomee/webapps/ROOT.war de la aplicación web
nov 01, 2017 9:00:46 PM org.apache.tomee.catalina.TomcatWebAppBuilder init
INFORMACIÓN: ------------------------- localhost -> /
nov 01, 2017 9:00:46 PM org.apache.openejb.util.JarExtractor extract
INFORMACIÓN: Extracting jar: /home/mauro/proyects/soho-master/target/apache-tomee/webapps/ROOT.war
nov 01, 2017 9:00:46 PM org.apache.openejb.util.JarExtractor extract
INFORMACIÓN: Extracted path: /home/mauro/proyects/soho-master/target/apache-tomee/webapps/ROOT
nov 01, 2017 9:00:46 PM org.apache.openejb.util.OptionsLog info
INFORMACIÓN: Using 'openejb.session.manager=org.apache.tomee.catalina.session.QuickSessionManager'
nov 01, 2017 9:00:46 PM org.apache.openejb.config.ConfigurationFactory configureApplication
INFORMACIÓN: Configuring enterprise application: /home/mauro/proyects/soho-master/target/apache-tomee/webapps/ROOT
nov 01, 2017 9:00:46 PM org.apache.openejb.config.InitEjbDeployments deploy
INFORMACIÓN: Auto-deploying ejb UserController: EjbDeployment(deployment-id=UserController)
nov 01, 2017 9:00:46 PM org.apache.openejb.config.InitEjbDeployments deploy
INFORMACIÓN: Auto-deploying ejb PostController: EjbDeployment(deployment-id=PostController)
nov 01, 2017 9:00:46 PM org.apache.openejb.config.ConfigurationFactory configureService
INFORMACIÓN: Configuring Service(id=Default Managed Container, type=Container, provider-id=Default Managed Container)
nov 01, 2017 9:00:46 PM org.apache.openejb.config.AutoConfig createContainer
INFORMACIÓN: Auto-creating a container for bean .Comp1181206365: Container(type=MANAGED, id=Default Managed Container)
nov 01, 2017 9:00:46 PM org.apache.openejb.assembler.classic.Assembler createRecipe
INFORMACIÓN: Creating Container(id=Default Managed Container)
nov 01, 2017 9:00:46 PM org.apache.openejb.core.managed.SimplePassivater init
INFORMACIÓN: Using directory /home/mauro/proyects/soho-master/target/apache-tomee/temp for stateful session passivation
nov 01, 2017 9:00:46 PM org.apache.openejb.config.AutoConfig deploy
INFORMACIÓN: Configuring PersistenceUnit(name=my-app-pu)
nov 01, 2017 9:00:46 PM org.apache.openejb.config.AutoConfig logAutoCreateResource
INFORMACIÓN: Auto-creating a Resource with id 'MysqlDsNonJta' of type 'DataSource for 'my-app-pu'.
nov 01, 2017 9:00:46 PM org.apache.openejb.config.AutoConfig deploy
INFORMACIÓN: Configuring Service(id=MysqlDsNonJta, type=Resource, provider-id=MysqlDs)
nov 01, 2017 9:00:46 PM org.apache.openejb.assembler.classic.Assembler createRecipe
INFORMACIÓN: Creating Resource(id=MysqlDsNonJta)
nov 01, 2017 9:00:46 PM org.apache.tomee.jdbc.TomEEDataSourceCreator$TomEEDataSource readOnly
INFORMACIÓN: Disabling testOnBorrow since no validation query is provided
nov 01, 2017 9:00:46 PM org.apache.openejb.config.AutoConfig setNonJtaDataSource
INFORMACIÓN: Adjusting PersistenceUnit my-app-pu <non-jta-data-source> to Resource ID 'MysqlDsNonJta' from 'null'
nov 01, 2017 9:00:46 PM org.apache.openejb.config.AppInfoBuilder build
INFORMACIÓN: Enterprise application "/home/mauro/proyects/soho-master/target/apache-tomee/webapps/ROOT" loaded.
nov 01, 2017 9:00:46 PM org.apache.openejb.assembler.classic.Assembler createApplication
INFORMACIÓN: Assembling app: /home/mauro/proyects/soho-master/target/apache-tomee/webapps/ROOT
nov 01, 2017 9:00:47 PM null
INFORMACIÓN: OpenJPA dynamically loaded a validation provider.
nov 01, 2017 9:00:47 PM org.apache.openejb.assembler.classic.ReloadableEntityManagerFactory createDelegate
INFORMACIÓN: PersistenceUnit(name=my-app-pu, provider=org.apache.openjpa.persistence.PersistenceProviderImpl) - provider time 463ms
nov 01, 2017 9:00:47 PM org.apache.openejb.assembler.classic.JndiBuilder bind
INFORMACIÓN: Jndi(name=UserControllerLocalBean) --> Ejb(deployment-id=UserController)
nov 01, 2017 9:00:47 PM org.apache.openejb.assembler.classic.JndiBuilder bind
INFORMACIÓN: Jndi(name=global//UserController!controller.UserController) --> Ejb(deployment-id=UserController)
nov 01, 2017 9:00:47 PM org.apache.openejb.assembler.classic.JndiBuilder bind
INFORMACIÓN: Jndi(name=global//UserController) --> Ejb(deployment-id=UserController)
nov 01, 2017 9:00:47 PM org.apache.openejb.assembler.classic.JndiBuilder bind
INFORMACIÓN: Jndi(name=PostControllerLocalBean) --> Ejb(deployment-id=PostController)
nov 01, 2017 9:00:47 PM org.apache.openejb.assembler.classic.JndiBuilder bind
INFORMACIÓN: Jndi(name=global//PostController!controller.PostController) --> Ejb(deployment-id=PostController)
nov 01, 2017 9:00:47 PM org.apache.openejb.assembler.classic.JndiBuilder bind
INFORMACIÓN: Jndi(name=global//PostController) --> Ejb(deployment-id=PostController)
nov 01, 2017 9:00:47 PM org.apache.openejb.cdi.CdiBuilder initSingleton
INFORMACIÓN: Existing thread singleton service in SystemInstance(): org.apache.openejb.cdi.ThreadSingletonServiceImpl@dbd940d
nov 01, 2017 9:00:47 PM org.apache.openejb.cdi.OpenEJBLifecycle startApplication
INFORMACIÓN: OpenWebBeans Container is starting...
nov 01, 2017 9:00:47 PM org.apache.webbeans.plugins.PluginLoader startUp
INFORMACIÓN: Adding OpenWebBeansPlugin : [CdiPlugin]
nov 01, 2017 9:00:47 PM org.apache.webbeans.plugins.PluginLoader startUp
INFORMACIÓN: Adding OpenWebBeansPlugin : [OpenWebBeansJsfPlugin]
nov 01, 2017 9:00:47 PM org.apache.webbeans.config.BeansDeployer validateInjectionPoints
INFORMACIÓN: All injection points were validated successfully.
nov 01, 2017 9:00:47 PM org.apache.openejb.cdi.OpenEJBLifecycle startApplication
INFORMACIÓN: OpenWebBeans Container has started, it took 191 ms.
nov 01, 2017 9:00:47 PM org.apache.openejb.assembler.classic.Assembler startEjbs
INFORMACIÓN: Created Ejb(deployment-id=PostController, ejb-name=PostController, container=Default Stateless Container)
nov 01, 2017 9:00:47 PM org.apache.openejb.assembler.classic.Assembler startEjbs
INFORMACIÓN: Created Ejb(deployment-id=UserController, ejb-name=UserController, container=Default Stateless Container)
nov 01, 2017 9:00:47 PM org.apache.openejb.assembler.classic.Assembler startEjbs
INFORMACIÓN: Started Ejb(deployment-id=PostController, ejb-name=PostController, container=Default Stateless Container)
nov 01, 2017 9:00:47 PM org.apache.openejb.assembler.classic.Assembler startEjbs
INFORMACIÓN: Started Ejb(deployment-id=UserController, ejb-name=UserController, container=Default Stateless Container)
nov 01, 2017 9:00:47 PM org.apache.openejb.assembler.classic.Assembler createApplication
INFORMACIÓN: Deployed Application(path=/home/mauro/proyects/soho-master/target/apache-tomee/webapps/ROOT)
nov 01, 2017 9:00:47 PM org.apache.catalina.deploy.WebXml setVersion
ADVERTENCIA: Unknown version string [3.1]. Default version will be used.
nov 01, 2017 9:00:47 PM org.apache.tomee.myfaces.TomEEMyFacesContainerInitializer addListener
INFORMACIÓN: Installing <listener>org.apache.myfaces.webapp.StartupServletContextListener</listener>
nov 01, 2017 9:00:47 PM org.apache.myfaces.config.DefaultFacesConfigurationProvider getStandardFacesConfig
INFORMACIÓN: Reading standard config META-INF/standard-faces-config.xml
nov 01, 2017 9:00:48 PM org.apache.myfaces.config.DefaultFacesConfigurationProvider getWebAppFacesConfig
INFORMACIÓN: Reading config /WEB-INF/faces-config.xml
nov 01, 2017 9:00:48 PM org.apache.myfaces.config.DefaultFacesConfigurationProvider getClassloaderFacesConfig
INFORMACIÓN: Reading config : jar:file:/home/mauro/proyects/soho-master/target/apache-tomee/lib/openwebbeans-jsf-1.2.6.jar!/META-INF/faces-config.xml
nov 01, 2017 9:00:48 PM org.apache.myfaces.config.DefaultFacesConfigurationProvider getClassloaderFacesConfig
INFORMACIÓN: Reading config : jar:file:/home/mauro/proyects/soho-master/target/apache-tomee/lib/openwebbeans-el22-1.2.6.jar!/META-INF/faces-config.xml
nov 01, 2017 9:00:48 PM org.apache.myfaces.config.LogMetaInfUtils logArtifact
INFORMACIÓN: Artifact 'myfaces-api' was found in version '2.1.15' from path 'file:/home/mauro/proyects/soho-master/target/apache-tomee/lib/myfaces-api-2.1.15.jar'
nov 01, 2017 9:00:48 PM org.apache.myfaces.config.LogMetaInfUtils logArtifact
INFORMACIÓN: Artifact 'myfaces-impl' was found in version '2.1.15' from path 'file:/home/mauro/proyects/soho-master/target/apache-tomee/lib/myfaces-impl-2.1.15.jar'
nov 01, 2017 9:00:48 PM org.apache.myfaces.util.ExternalSpecifications isBeanValidationAvailable
INFORMACIÓN: MyFaces Bean Validation support enabled
nov 01, 2017 9:00:48 PM org.apache.myfaces.application.ApplicationImpl getProjectStage
INFORMACIÓN: Couldn't discover the current project stage, using Production
nov 01, 2017 9:00:48 PM org.apache.myfaces.config.FacesConfigurator handleSerialFactory
INFORMACIÓN: Serialization provider : class org.apache.myfaces.shared_impl.util.serial.DefaultSerialFactory
nov 01, 2017 9:00:48 PM org.apache.myfaces.config.annotation.DefaultLifecycleProviderFactory getLifecycleProvider
INFORMACIÓN: Using LifecycleProvider org.apache.myfaces.config.annotation.Tomcat7AnnotationLifecycleProvider
nov 01, 2017 9:00:48 PM org.apache.myfaces.webapp.AbstractFacesInitializer initFaces
INFORMACIÓN: ServletContext initialized.
nov 01, 2017 9:00:48 PM org.apache.myfaces.util.ExternalSpecifications isUnifiedELAvailable
INFORMACIÓN: MyFaces Unified EL support enabled
nov 01, 2017 9:00:48 PM org.apache.catalina.startup.HostConfig deployWAR
INFORMACIÓN: Deployment of web application archive /home/mauro/proyects/soho-master/target/apache-tomee/webapps/ROOT.war has finished in 2.594 ms
nov 01, 2017 9:00:48 PM org.apache.coyote.AbstractProtocol start
INFORMACIÓN: Starting ProtocolHandler ["http-bio-8080"]
nov 01, 2017 9:00:48 PM org.apache.coyote.AbstractProtocol start
INFORMACIÓN: Starting ProtocolHandler ["ajp-bio-8009"]
nov 01, 2017 9:00:48 PM org.apache.catalina.startup.Catalina start
INFORMACIÓN: Server startup in 2677 ms
nov 01, 2017 9:01:05 PM org.apache.myfaces.renderkit.html.HtmlStylesheetRenderer encodeEnd
ADVERTENCIA: Resource referenced by resourceName style.css and libraryName css not found in call to ResourceHandler.createResource. It will be silenty ignored.
nov 01, 2017 9:01:05 PM org.apache.myfaces.renderkit.html.HtmlStylesheetRenderer encodeEnd
ADVERTENCIA: Resource referenced by resourceName style.css and libraryName css not found in call to ResourceHandler.createResource. It will be silenty ignored.
nov 01, 2017 9:01:08 PM null
INFORMACIÓN: Starting OpenJPA 2.4.0-nonfinal-1598334
nov 01, 2017 9:01:08 PM null
INFORMACIÓN: Using dictionary class "org.apache.openjpa.jdbc.sql.MySQLDictionary" (MySQL 5.7.18-0ubuntu0.16.04.1 ,MySQL-AB JDBC Driver mysql-connector-java-5.1.6 ( Revision: ${svn.Revision} )).
nov 01, 2017 9:01:08 PM null
INFORMACIÓN: Connected to MySQL version 5.5 using JDBC driver MySQL-AB JDBC Driver version mysql-connector-java-5.1.6 ( Revision: ${svn.Revision} ). 
nov 01, 2017 9:01:08 PM null
ADVERTENCIA: Existing column "username" on table "Post" is incompatible with the same column in the given schema definition. Existing column:
Full Name: Post.username
Type: varchar
Size: 30
Default: null
Not Null: true
Given column:
Full Name: Post.username
Type: varchar
Size: 255
Default: null
Not Null: false

nov 01, 2017 9:01:08 PM null
ADVERTENCIA: Existing column "email" on table "User" is incompatible with the same column in the given schema definition. Existing column:
Full Name: User.email
Type: varchar
Size: 50
Default: null
Not Null: true
Given column:
Full Name: User.email
Type: varchar
Size: 255
Default: null
Not Null: false

nov 01, 2017 9:01:08 PM null
ADVERTENCIA: Existing column "lastname" on table "User" is incompatible with the same column in the given schema definition. Existing column:
Full Name: User.lastname
Type: varchar
Size: 20
Default: null
Not Null: true
Given column:
Full Name: User.lastname
Type: varchar
Size: 255
Default: null
Not Null: false

nov 01, 2017 9:01:08 PM null
ADVERTENCIA: Existing column "name" on table "User" is incompatible with the same column in the given schema definition. Existing column:
Full Name: User.name
Type: varchar
Size: 20
Default: null
Not Null: true
Given column:
Full Name: User.name
Type: varchar
Size: 255
Default: null
Not Null: false

nov 01, 2017 9:01:08 PM null
ADVERTENCIA: Existing column "password" on table "User" is incompatible with the same column in the given schema definition. Existing column:
Full Name: User.password
Type: varchar
Size: 30
Default: null
Not Null: true
Given column:
Full Name: User.password
Type: varchar
Size: 255
Default: null
Not Null: false

nov 01, 2017 9:01:09 PM org.apache.myfaces.renderkit.html.HtmlStylesheetRenderer encodeEnd
ADVERTENCIA: Resource referenced by resourceName style.css and libraryName css not found in call to ResourceHandler.createResource. It will be silenty ignored.
nov 01, 2017 9:01:09 PM org.apache.myfaces.renderkit.html.HtmlStylesheetRenderer encodeEnd
ADVERTENCIA: Resource referenced by resourceName style.css and libraryName css not found in call to ResourceHandler.createResource. It will be silenty ignored.
nov 01, 2017 9:01:11 PM org.apache.myfaces.renderkit.html.HtmlStylesheetRenderer encodeEnd
ADVERTENCIA: Resource referenced by resourceName style.css and libraryName css not found in call to ResourceHandler.createResource. It will be silenty ignored.
nov 01, 2017 9:01:11 PM org.apache.myfaces.renderkit.html.HtmlStylesheetRenderer encodeEnd
ADVERTENCIA: Resource referenced by resourceName style.css and libraryName css not found in call to ResourceHandler.createResource. It will be silenty ignored.
nov 01, 2017 9:01:14 PM org.apache.myfaces.renderkit.html.HtmlStylesheetRenderer encodeEnd
ADVERTENCIA: Resource referenced by resourceName style.css and libraryName css not found in call to ResourceHandler.createResource. It will be silenty ignored.
nov 01, 2017 9:01:14 PM org.apache.myfaces.renderkit.html.HtmlStylesheetRenderer encodeEnd
ADVERTENCIA: Resource referenced by resourceName style.css and libraryName css not found in call to ResourceHandler.createResource. It will be silenty ignored.
nov 01, 2017 9:01:20 PM javax.faces.component._ExternalSpecifications isBeanValidationAvailable
INFORMACIÓN: MyFaces Bean Validation support enabled
nov 01, 2017 9:01:20 PM org.apache.myfaces.renderkit.html.HtmlStylesheetRenderer encodeEnd
ADVERTENCIA: Resource referenced by resourceName style.css and libraryName css not found in call to ResourceHandler.createResource. It will be silenty ignored.
nov 01, 2017 9:01:20 PM org.apache.myfaces.renderkit.html.HtmlStylesheetRenderer encodeEnd
ADVERTENCIA: Resource referenced by resourceName style.css and libraryName css not found in call to ResourceHandler.createResource. It will be silenty ignored.
nov 01, 2017 9:01:21 PM org.apache.myfaces.renderkit.html.HtmlStylesheetRenderer encodeEnd
ADVERTENCIA: Resource referenced by resourceName style.css and libraryName css not found in call to ResourceHandler.createResource. It will be silenty ignored.
nov 01, 2017 9:01:21 PM org.apache.myfaces.renderkit.html.HtmlStylesheetRenderer encodeEnd
ADVERTENCIA: Resource referenced by resourceName style.css and libraryName css not found in call to ResourceHandler.createResource. It will be silenty ignored.
nov 01, 2017 9:08:07 PM org.apache.coyote.AbstractProtocol pause
INFORMACIÓN: Pausing ProtocolHandler ["http-bio-8080"]
nov 01, 2017 9:08:07 PM org.apache.catalina.core.StandardServer await
INFORMACIÓN: Se ha recibido un comando de apagado a través del puerto de apagado. Parando la instancia del Servidor.
nov 01, 2017 9:08:07 PM org.apache.coyote.AbstractProtocol pause
INFORMACIÓN: Pausing ProtocolHandler ["ajp-bio-8009"]
nov 01, 2017 9:08:07 PM org.apache.catalina.core.StandardService stopInternal
INFORMACIÓN: Parando servicio Catalina
nov 01, 2017 9:08:08 PM org.apache.openejb.assembler.classic.Assembler destroyApplication
INFORMACIÓN: Undeploying app: /home/mauro/proyects/soho-master/target/apache-tomee/webapps/ROOT
nov 01, 2017 9:08:08 PM org.apache.catalina.loader.WebappClassLoader clearReferencesJdbc
GRAVE: La aplicación web [] registró el conductor JDBC [com.mysql.jdbc.Driver] pero falló al anular el registro mientras la aplicación web estaba parada. Para prevenir un fallo de memoria, se ha anulado el registro del conductor JDBC por la fuerza.
nov 01, 2017 9:08:08 PM org.apache.catalina.loader.WebappClassLoader clearReferencesThreads
GRAVE: La aplicación web [] parece haber arrancado un hilo llamado [MySQL Statement Cancellation Timer] pero no ha podido pararlo. Esto tiene todas las papeletas de convertirse en un fallo de memoria.
nov 01, 2017 9:08:08 PM org.apache.coyote.AbstractProtocol stop
INFORMACIÓN: Stopping ProtocolHandler ["http-bio-8080"]
nov 01, 2017 9:08:08 PM org.apache.coyote.AbstractProtocol stop
INFORMACIÓN: Stopping ProtocolHandler ["ajp-bio-8009"]
nov 01, 2017 9:08:08 PM org.apache.openejb.server.SimpleServiceManager stop
INFORMACIÓN: Stopping server services
nov 01, 2017 9:08:08 PM org.apache.openejb.assembler.classic.Assembler destroyApplication
INFORMACIÓN: Undeploying app: openejb
nov 01, 2017 9:08:08 PM org.apache.openejb.assembler.classic.Assembler destroyResource
INFORMACIÓN: Closing DataSource: MysqlDs
nov 01, 2017 9:08:08 PM org.apache.catalina.loader.WebappClassLoader loadClass
INFORMACIÓN: Acceso ilegal: esta instancia de aplicación web ya ha sido parada.  Could not load com.mysql.jdbc.profiler.ProfilerEventHandlerFactory.  La eventual traza de pila que sigue ha sido motivada por un error lanzado con motivos de depuración así como para intentar terminar el hilo que motivó el acceso ilegal y no tiene impacto funcional.
java.lang.IllegalStateException
	at org.apache.catalina.loader.WebappClassLoader.loadClass(WebappClassLoader.java:1612)
	at org.apache.catalina.loader.WebappClassLoader.loadClass(WebappClassLoader.java:1571)
	at org.apache.tomee.catalina.LazyStopWebappClassLoader.loadClass(LazyStopWebappClassLoader.java:129)
	at com.mysql.jdbc.ConnectionImpl.realClose(ConnectionImpl.java:4273)
	at com.mysql.jdbc.ConnectionImpl.close(ConnectionImpl.java:1444)
	at org.apache.tomcat.jdbc.pool.PooledConnection.disconnect(PooledConnection.java:331)
	at org.apache.tomcat.jdbc.pool.PooledConnection.release(PooledConnection.java:495)
	at org.apache.tomcat.jdbc.pool.ConnectionPool.release(ConnectionPool.java:582)
	at org.apache.tomcat.jdbc.pool.ConnectionPool.close(ConnectionPool.java:383)
	at org.apache.tomcat.jdbc.pool.DataSourceProxy.close(DataSourceProxy.java:198)
	at org.apache.tomee.jdbc.TomEEDataSourceCreator.doDestroy(TomEEDataSourceCreator.java:202)
	at org.apache.openejb.resource.jdbc.pool.PoolDataSourceCreator.destroy(PoolDataSourceCreator.java:84)
	at org.apache.openejb.resource.jdbc.DataSourceFactory.destroy(DataSourceFactory.java:339)
	at org.apache.openejb.assembler.classic.Assembler.destroyResource(Assembler.java:1471)
	at org.apache.openejb.assembler.classic.Assembler.destroyResourceTree(Assembler.java:1444)
	at org.apache.openejb.assembler.classic.Assembler.destroy(Assembler.java:1397)
	at org.apache.openejb.OpenEJB.destroy(OpenEJB.java:266)
	at org.apache.tomee.catalina.TomcatLoader.destroy(TomcatLoader.java:400)
	at org.apache.tomee.catalina.TomcatWebAppBuilder.afterStop(TomcatWebAppBuilder.java:1981)
	at org.apache.tomee.catalina.GlobalListenerSupport.lifecycleEvent(GlobalListenerSupport.java:157)
	at org.apache.catalina.util.LifecycleSupport.fireLifecycleEvent(LifecycleSupport.java:117)
	at org.apache.catalina.util.LifecycleBase.fireLifecycleEvent(LifecycleBase.java:90)
	at org.apache.catalina.util.LifecycleBase.setStateInternal(LifecycleBase.java:402)
	at org.apache.catalina.util.LifecycleBase.stop(LifecycleBase.java:252)
	at org.apache.catalina.startup.Catalina.stop(Catalina.java:762)
	at org.apache.catalina.startup.Catalina$CatalinaShutdownHook.run(Catalina.java:908)

nov 01, 2017 9:08:08 PM org.apache.openejb.assembler.classic.Assembler destroyResource
INFORMACIÓN: Closing DataSource: MysqlDsNonJta
nov 01, 2017 9:08:08 PM org.apache.coyote.AbstractProtocol destroy
INFORMACIÓN: Destroying ProtocolHandler ["http-bio-8080"]
nov 01, 2017 9:08:08 PM org.apache.coyote.AbstractProtocol destroy
INFORMACIÓN: Destroying ProtocolHandler ["ajp-bio-8009"]
