04-Dec-2017 21:08:42.883 INFORMACIÓN [main] sun.reflect.NativeMethodAccessorImpl.invoke Server version:        Apache Tomcat (TomEE)/8.5.20 (7.0.4)
04-Dec-2017 21:08:42.884 INFORMACIÓN [main] sun.reflect.NativeMethodAccessorImpl.invoke Server built:          Aug 2 2017 21:35:49 UTC
04-Dec-2017 21:08:42.884 INFORMACIÓN [main] sun.reflect.NativeMethodAccessorImpl.invoke Server number:         8.5.20.0
04-Dec-2017 21:08:42.884 INFORMACIÓN [main] sun.reflect.NativeMethodAccessorImpl.invoke OS Name:               Linux
04-Dec-2017 21:08:42.884 INFORMACIÓN [main] sun.reflect.NativeMethodAccessorImpl.invoke OS Version:            4.4.0-78-generic
04-Dec-2017 21:08:42.884 INFORMACIÓN [main] sun.reflect.NativeMethodAccessorImpl.invoke Architecture:          amd64
04-Dec-2017 21:08:42.884 INFORMACIÓN [main] sun.reflect.NativeMethodAccessorImpl.invoke Java Home:             /usr/lib/jvm/java-8-oracle/jre
04-Dec-2017 21:08:42.885 INFORMACIÓN [main] sun.reflect.NativeMethodAccessorImpl.invoke JVM Version:           1.8.0_131-b11
04-Dec-2017 21:08:42.885 INFORMACIÓN [main] sun.reflect.NativeMethodAccessorImpl.invoke JVM Vendor:            Oracle Corporation
04-Dec-2017 21:08:42.885 INFORMACIÓN [main] sun.reflect.NativeMethodAccessorImpl.invoke CATALINA_BASE:         /home/mauro/proyects/soho-master/target/apache-tomee
04-Dec-2017 21:08:42.885 INFORMACIÓN [main] sun.reflect.NativeMethodAccessorImpl.invoke CATALINA_HOME:         /home/mauro/proyects/soho-master/target/apache-tomee
04-Dec-2017 21:08:42.885 INFORMACIÓN [main] sun.reflect.NativeMethodAccessorImpl.invoke Command line argument: -XX:+HeapDumpOnOutOfMemoryError
04-Dec-2017 21:08:42.885 INFORMACIÓN [main] sun.reflect.NativeMethodAccessorImpl.invoke Command line argument: -Dorg.apache.catalina.STRICT_SERVLET_COMPLIANCE=false
04-Dec-2017 21:08:42.886 INFORMACIÓN [main] sun.reflect.NativeMethodAccessorImpl.invoke Command line argument: -Dopenejb.session.manager=org.apache.tomee.catalina.session.QuickSessionManager
04-Dec-2017 21:08:42.886 INFORMACIÓN [main] sun.reflect.NativeMethodAccessorImpl.invoke Command line argument: -Dtomee.remote.support=true
04-Dec-2017 21:08:42.886 INFORMACIÓN [main] sun.reflect.NativeMethodAccessorImpl.invoke Command line argument: -Dtomee.jsp-development=true
04-Dec-2017 21:08:42.886 INFORMACIÓN [main] sun.reflect.DelegatingMethodAccessorImpl.invoke Command line argument: -Djava.util.logging.config.file=/home/mauro/proyects/soho-master/target/apache-tomee/conf/logging.properties
04-Dec-2017 21:08:42.887 INFORMACIÓN [main] sun.reflect.DelegatingMethodAccessorImpl.invoke Command line argument: -javaagent:/home/mauro/proyects/soho-master/target/apache-tomee/lib/openejb-javaagent.jar
04-Dec-2017 21:08:42.887 INFORMACIÓN [main] sun.reflect.DelegatingMethodAccessorImpl.invoke Command line argument: -Djava.util.logging.manager=org.apache.juli.ClassLoaderLogManager
04-Dec-2017 21:08:42.887 INFORMACIÓN [main] sun.reflect.DelegatingMethodAccessorImpl.invoke Command line argument: -Djava.io.tmpdir=/home/mauro/proyects/soho-master/target/apache-tomee/temp
04-Dec-2017 21:08:42.887 INFORMACIÓN [main] sun.reflect.DelegatingMethodAccessorImpl.invoke Command line argument: -Dcatalina.base=/home/mauro/proyects/soho-master/target/apache-tomee
04-Dec-2017 21:08:42.887 INFORMACIÓN [main] sun.reflect.DelegatingMethodAccessorImpl.invoke Command line argument: -Dcatalina.home=/home/mauro/proyects/soho-master/target/apache-tomee
04-Dec-2017 21:08:42.887 INFORMACIÓN [main] sun.reflect.DelegatingMethodAccessorImpl.invoke Command line argument: -Dcatalina.ext.dirs=/home/mauro/proyects/soho-master/target/apache-tomee/lib
04-Dec-2017 21:08:42.887 INFORMACIÓN [main] sun.reflect.DelegatingMethodAccessorImpl.invoke Command line argument: -Dorg.apache.tomcat.util.http.ServerCookie.ALLOW_HTTP_SEPARATORS_IN_V0=true
04-Dec-2017 21:08:42.887 INFORMACIÓN [main] sun.reflect.DelegatingMethodAccessorImpl.invoke Command line argument: -ea
04-Dec-2017 21:08:42.888 INFORMACIÓN [main] sun.reflect.DelegatingMethodAccessorImpl.invoke La biblioteca nativa de Apache Tomcat basada en ARP que permite un rendimiento óptimo en entornos de desarrollo no ha sido hallada en java.library.path: [/usr/java/packages/lib/amd64:/usr/lib64:/lib64:/lib:/usr/lib]
04-Dec-2017 21:08:43.124 INFORMACIÓN [main] sun.reflect.DelegatingMethodAccessorImpl.invoke Initializing ProtocolHandler ["http-nio-8080"]
04-Dec-2017 21:08:43.168 INFORMACIÓN [main] sun.reflect.DelegatingMethodAccessorImpl.invoke Using a shared selector for servlet write/read
04-Dec-2017 21:08:43.173 INFORMACIÓN [main] sun.reflect.DelegatingMethodAccessorImpl.invoke Initializing ProtocolHandler ["ajp-nio-8009"]
04-Dec-2017 21:08:43.180 INFORMACIÓN [main] sun.reflect.DelegatingMethodAccessorImpl.invoke Using a shared selector for servlet write/read
04-Dec-2017 21:08:43.613 INFORMACIÓN [main] org.apache.openejb.util.OptionsLog.info Using 'tomee.remote.support=true'
04-Dec-2017 21:08:43.627 INFORMACIÓN [main] org.apache.openejb.util.OptionsLog.info Using 'openejb.jdbc.datasource-creator=org.apache.tomee.jdbc.TomEEDataSourceCreator'
04-Dec-2017 21:08:43.766 INFORMACIÓN [main] org.apache.openejb.OpenEJB$Instance.<init> ********************************************************************************
04-Dec-2017 21:08:43.767 INFORMACIÓN [main] org.apache.openejb.OpenEJB$Instance.<init> OpenEJB http://tomee.apache.org/
04-Dec-2017 21:08:43.767 INFORMACIÓN [main] org.apache.openejb.OpenEJB$Instance.<init> Startup: Mon Dec 04 21:08:43 ART 2017
04-Dec-2017 21:08:43.767 INFORMACIÓN [main] org.apache.openejb.OpenEJB$Instance.<init> Copyright 1999-2017 (C) Apache OpenEJB Project, All Rights Reserved.
04-Dec-2017 21:08:43.767 INFORMACIÓN [main] org.apache.openejb.OpenEJB$Instance.<init> Version: 7.0.4
04-Dec-2017 21:08:43.767 INFORMACIÓN [main] org.apache.openejb.OpenEJB$Instance.<init> Build date: 20170926
04-Dec-2017 21:08:43.767 INFORMACIÓN [main] org.apache.openejb.OpenEJB$Instance.<init> Build time: 12:10
04-Dec-2017 21:08:43.767 INFORMACIÓN [main] org.apache.openejb.OpenEJB$Instance.<init> ********************************************************************************
04-Dec-2017 21:08:43.768 INFORMACIÓN [main] org.apache.openejb.OpenEJB$Instance.<init> openejb.home = /home/mauro/proyects/soho-master/target/apache-tomee
04-Dec-2017 21:08:43.768 INFORMACIÓN [main] org.apache.openejb.OpenEJB$Instance.<init> openejb.base = /home/mauro/proyects/soho-master/target/apache-tomee
04-Dec-2017 21:08:43.770 INFORMACIÓN [main] org.apache.openejb.cdi.CdiBuilder.initializeOWB Created new singletonService org.apache.openejb.cdi.ThreadSingletonServiceImpl@45f45fa1
04-Dec-2017 21:08:43.771 INFORMACIÓN [main] org.apache.openejb.cdi.CdiBuilder.initializeOWB Succeeded in installing singleton service
04-Dec-2017 21:08:43.819 INFORMACIÓN [main] org.apache.openejb.config.ConfigurationFactory.init TomEE configuration file is '/home/mauro/proyects/soho-master/target/apache-tomee/conf/tomee.xml'
04-Dec-2017 21:08:43.907 INFORMACIÓN [main] org.apache.openejb.config.ConfigurationFactory.configureService Configuring Service(id=Tomcat Security Service, type=SecurityService, provider-id=Tomcat Security Service)
04-Dec-2017 21:08:43.910 INFORMACIÓN [main] org.apache.openejb.config.ConfigurationFactory.configureService Configuring Service(id=Default Transaction Manager, type=TransactionManager, provider-id=Default Transaction Manager)
04-Dec-2017 21:08:43.912 INFORMACIÓN [main] org.apache.openejb.config.ConfigurationFactory.configureService Configuring Service(id=MysqlDs, type=Resource, provider-id=Default JDBC Database)
04-Dec-2017 21:08:43.916 INFORMACIÓN [main] org.apache.openejb.util.OptionsLog.info Using 'openejb.deployments.classpath=false'
04-Dec-2017 21:08:43.920 INFORMACIÓN [main] org.apache.openejb.assembler.classic.Assembler.createRecipe Creating TransactionManager(id=Default Transaction Manager)
04-Dec-2017 21:08:43.986 INFORMACIÓN [main] org.apache.openejb.assembler.classic.Assembler.createRecipe Creating SecurityService(id=Tomcat Security Service)
04-Dec-2017 21:08:44.016 INFORMACIÓN [main] org.apache.openejb.assembler.classic.Assembler.createRecipe Creating Resource(id=MysqlDs)
04-Dec-2017 21:08:44.609 INFORMACIÓN [main] org.apache.openejb.server.ServiceManager.initServer Creating ServerService(id=cxf-rs)
04-Dec-2017 21:08:44.842 INFORMACIÓN [main] org.apache.openejb.server.SimpleServiceManager.start   ** Bound Services **
04-Dec-2017 21:08:44.842 INFORMACIÓN [main] org.apache.openejb.server.SimpleServiceManager.printRow   NAME                 IP              PORT  
04-Dec-2017 21:08:44.843 INFORMACIÓN [main] org.apache.openejb.server.SimpleServiceManager.start -------
04-Dec-2017 21:08:44.844 INFORMACIÓN [main] org.apache.openejb.server.SimpleServiceManager.start Ready!
04-Dec-2017 21:08:44.844 INFORMACIÓN [main] sun.reflect.DelegatingMethodAccessorImpl.invoke Initialization processed in 2571 ms
04-Dec-2017 21:08:44.875 INFORMACIÓN [main] org.apache.tomee.catalina.OpenEJBNamingContextListener.bindResource Importing a Tomcat Resource with id 'UserDatabase' of type 'org.apache.catalina.UserDatabase'.
04-Dec-2017 21:08:44.876 INFORMACIÓN [main] org.apache.openejb.assembler.classic.Assembler.createRecipe Creating Resource(id=UserDatabase)
04-Dec-2017 21:08:44.879 INFORMACIÓN [main] sun.reflect.DelegatingMethodAccessorImpl.invoke Arrancando servicio [Catalina]
04-Dec-2017 21:08:44.879 INFORMACIÓN [main] sun.reflect.DelegatingMethodAccessorImpl.invoke Starting Servlet Engine: Apache Tomcat (TomEE)/8.5.20 (7.0.4)
04-Dec-2017 21:08:44.910 INFORMACIÓN [localhost-startStop-1] sun.reflect.DelegatingMethodAccessorImpl.invoke Despliegue del archivo [/home/mauro/proyects/soho-master/target/apache-tomee/webapps/ROOT.war] de la aplicación web
04-Dec-2017 21:08:44.927 INFORMACIÓN [localhost-startStop-1] org.apache.tomee.catalina.TomcatWebAppBuilder.init ------------------------- localhost -> /
04-Dec-2017 21:08:44.931 INFORMACIÓN [localhost-startStop-1] org.apache.openejb.util.JarExtractor.extract Extracting jar: /home/mauro/proyects/soho-master/target/apache-tomee/webapps/ROOT.war
04-Dec-2017 21:08:44.998 INFORMACIÓN [localhost-startStop-1] org.apache.openejb.util.JarExtractor.extract Extracted path: /home/mauro/proyects/soho-master/target/apache-tomee/webapps/ROOT
04-Dec-2017 21:08:44.999 INFORMACIÓN [localhost-startStop-1] org.apache.openejb.util.OptionsLog.info Using 'openejb.session.manager=org.apache.tomee.catalina.session.QuickSessionManager'
04-Dec-2017 21:08:45.505 INFORMACIÓN [localhost-startStop-1] org.apache.openejb.config.ConfigurationFactory.configureApplication Configuring enterprise application: /home/mauro/proyects/soho-master/target/apache-tomee/webapps/ROOT
04-Dec-2017 21:08:45.807 INFORMACIÓN [localhost-startStop-1] org.apache.openejb.config.InitEjbDeployments.deploy Auto-deploying ejb CommentController: EjbDeployment(deployment-id=CommentController)
04-Dec-2017 21:08:45.807 INFORMACIÓN [localhost-startStop-1] org.apache.openejb.config.InitEjbDeployments.deploy Auto-deploying ejb UserController: EjbDeployment(deployment-id=UserController)
04-Dec-2017 21:08:45.808 INFORMACIÓN [localhost-startStop-1] org.apache.openejb.config.InitEjbDeployments.deploy Auto-deploying ejb PostController: EjbDeployment(deployment-id=PostController)
04-Dec-2017 21:08:45.808 INFORMACIÓN [localhost-startStop-1] org.apache.openejb.config.InitEjbDeployments.deploy Auto-deploying ejb ImageController: EjbDeployment(deployment-id=ImageController)
04-Dec-2017 21:08:45.815 INFORMACIÓN [localhost-startStop-1] org.apache.openejb.config.ConfigurationFactory.configureService Configuring Service(id=Default Stateless Container, type=Container, provider-id=Default Stateless Container)
04-Dec-2017 21:08:45.816 INFORMACIÓN [localhost-startStop-1] org.apache.openejb.config.AutoConfig.createContainer Auto-creating a container for bean CommentController: Container(type=STATELESS, id=Default Stateless Container)
04-Dec-2017 21:08:45.816 INFORMACIÓN [localhost-startStop-1] org.apache.openejb.assembler.classic.Assembler.createRecipe Creating Container(id=Default Stateless Container)
04-Dec-2017 21:08:45.846 INFORMACIÓN [localhost-startStop-1] org.apache.openejb.config.ConfigurationFactory.configureService Configuring Service(id=Default Managed Container, type=Container, provider-id=Default Managed Container)
04-Dec-2017 21:08:45.847 INFORMACIÓN [localhost-startStop-1] org.apache.openejb.config.AutoConfig.createContainer Auto-creating a container for bean .Comp111674553: Container(type=MANAGED, id=Default Managed Container)
04-Dec-2017 21:08:45.847 INFORMACIÓN [localhost-startStop-1] org.apache.openejb.assembler.classic.Assembler.createRecipe Creating Container(id=Default Managed Container)
04-Dec-2017 21:08:45.869 INFORMACIÓN [localhost-startStop-1] org.apache.openejb.core.managed.SimplePassivater.init Using directory /home/mauro/proyects/soho-master/target/apache-tomee/temp for stateful session passivation
04-Dec-2017 21:08:45.890 INFORMACIÓN [localhost-startStop-1] org.apache.openejb.config.AutoConfig.deploy Configuring PersistenceUnit(name=my-app-pu)
04-Dec-2017 21:08:45.891 INFORMACIÓN [localhost-startStop-1] org.apache.openejb.config.AutoConfig.logAutoCreateResource Auto-creating a Resource with id 'MysqlDsNonJta' of type 'DataSource for 'my-app-pu'.
04-Dec-2017 21:08:45.891 INFORMACIÓN [localhost-startStop-1] org.apache.openejb.config.AutoConfig.deploy Configuring Service(id=MysqlDsNonJta, type=Resource, provider-id=MysqlDs)
04-Dec-2017 21:08:45.891 INFORMACIÓN [localhost-startStop-1] org.apache.openejb.assembler.classic.Assembler.createRecipe Creating Resource(id=MysqlDsNonJta)
04-Dec-2017 21:08:46.335 INFORMACIÓN [localhost-startStop-1] org.apache.openejb.config.AutoConfig.setNonJtaDataSource Adjusting PersistenceUnit my-app-pu <non-jta-data-source> to Resource ID 'MysqlDsNonJta' from 'null'
04-Dec-2017 21:08:46.371 INFORMACIÓN [localhost-startStop-1] org.apache.openejb.config.AppInfoBuilder.build Enterprise application "/home/mauro/proyects/soho-master/target/apache-tomee/webapps/ROOT" loaded.
04-Dec-2017 21:08:46.376 INFORMACIÓN [localhost-startStop-1] org.apache.openejb.assembler.classic.Assembler.createApplication Assembling app: /home/mauro/proyects/soho-master/target/apache-tomee/webapps/ROOT
04-Dec-2017 21:08:46.798 INFORMACIÓN [localhost-startStop-1] null.openjpa.Runtime OpenJPA dynamically loaded a validation provider.
04-Dec-2017 21:08:46.820 INFORMACIÓN [localhost-startStop-1] org.apache.openejb.assembler.classic.ReloadableEntityManagerFactory.createDelegate PersistenceUnit(name=my-app-pu, provider=org.apache.openjpa.persistence.PersistenceProviderImpl) - provider time 407ms
04-Dec-2017 21:08:46.917 INFORMACIÓN [localhost-startStop-1] org.apache.openejb.assembler.classic.JndiBuilder.bind Jndi(name=CommentControllerLocalBean) --> Ejb(deployment-id=CommentController)
04-Dec-2017 21:08:46.917 INFORMACIÓN [localhost-startStop-1] org.apache.openejb.assembler.classic.JndiBuilder.bind Jndi(name=global/CommentController!controller.CommentController) --> Ejb(deployment-id=CommentController)
04-Dec-2017 21:08:46.918 INFORMACIÓN [localhost-startStop-1] org.apache.openejb.assembler.classic.JndiBuilder.bind Jndi(name=global/CommentController) --> Ejb(deployment-id=CommentController)
04-Dec-2017 21:08:46.920 INFORMACIÓN [localhost-startStop-1] org.apache.openejb.assembler.classic.JndiBuilder.bind Jndi(name=UserControllerLocalBean) --> Ejb(deployment-id=UserController)
04-Dec-2017 21:08:46.920 INFORMACIÓN [localhost-startStop-1] org.apache.openejb.assembler.classic.JndiBuilder.bind Jndi(name=global/UserController!controller.UserController) --> Ejb(deployment-id=UserController)
04-Dec-2017 21:08:46.920 INFORMACIÓN [localhost-startStop-1] org.apache.openejb.assembler.classic.JndiBuilder.bind Jndi(name=global/UserController) --> Ejb(deployment-id=UserController)
04-Dec-2017 21:08:46.921 INFORMACIÓN [localhost-startStop-1] org.apache.openejb.assembler.classic.JndiBuilder.bind Jndi(name=PostControllerLocalBean) --> Ejb(deployment-id=PostController)
04-Dec-2017 21:08:46.921 INFORMACIÓN [localhost-startStop-1] org.apache.openejb.assembler.classic.JndiBuilder.bind Jndi(name=global/PostController!controller.PostController) --> Ejb(deployment-id=PostController)
04-Dec-2017 21:08:46.922 INFORMACIÓN [localhost-startStop-1] org.apache.openejb.assembler.classic.JndiBuilder.bind Jndi(name=global/PostController) --> Ejb(deployment-id=PostController)
04-Dec-2017 21:08:46.922 INFORMACIÓN [localhost-startStop-1] org.apache.openejb.assembler.classic.JndiBuilder.bind Jndi(name=ImageControllerLocalBean) --> Ejb(deployment-id=ImageController)
04-Dec-2017 21:08:46.923 INFORMACIÓN [localhost-startStop-1] org.apache.openejb.assembler.classic.JndiBuilder.bind Jndi(name=global/ImageController!controller.ImageController) --> Ejb(deployment-id=ImageController)
04-Dec-2017 21:08:46.923 INFORMACIÓN [localhost-startStop-1] org.apache.openejb.assembler.classic.JndiBuilder.bind Jndi(name=global/ImageController) --> Ejb(deployment-id=ImageController)
04-Dec-2017 21:08:46.967 INFORMACIÓN [localhost-startStop-1] org.apache.openejb.cdi.CdiBuilder.initSingleton Existing thread singleton service in SystemInstance(): org.apache.openejb.cdi.ThreadSingletonServiceImpl@45f45fa1
04-Dec-2017 21:08:47.263 INFORMACIÓN [localhost-startStop-1] org.apache.openejb.cdi.OpenEJBLifecycle.startApplication OpenWebBeans Container is starting...
04-Dec-2017 21:08:47.279 INFORMACIÓN [localhost-startStop-1] org.apache.webbeans.plugins.PluginLoader.startUp Adding OpenWebBeansPlugin : [CdiPlugin]
04-Dec-2017 21:08:47.804 INFORMACIÓN [localhost-startStop-1] org.apache.webbeans.config.BeansDeployer.validateInjectionPoints All injection points were validated successfully.
04-Dec-2017 21:08:47.810 INFORMACIÓN [localhost-startStop-1] org.apache.openejb.cdi.OpenEJBLifecycle.startApplication OpenWebBeans Container has started, it took 547 ms.
04-Dec-2017 21:08:47.813 INFORMACIÓN [localhost-startStop-1] org.apache.openejb.assembler.classic.Assembler.startEjbs Created Ejb(deployment-id=PostController, ejb-name=PostController, container=Default Stateless Container)
04-Dec-2017 21:08:47.820 INFORMACIÓN [localhost-startStop-1] org.apache.openejb.assembler.classic.Assembler.startEjbs Created Ejb(deployment-id=UserController, ejb-name=UserController, container=Default Stateless Container)
04-Dec-2017 21:08:47.820 INFORMACIÓN [localhost-startStop-1] org.apache.openejb.assembler.classic.Assembler.startEjbs Created Ejb(deployment-id=CommentController, ejb-name=CommentController, container=Default Stateless Container)
04-Dec-2017 21:08:47.821 INFORMACIÓN [localhost-startStop-1] org.apache.openejb.assembler.classic.Assembler.startEjbs Created Ejb(deployment-id=ImageController, ejb-name=ImageController, container=Default Stateless Container)
04-Dec-2017 21:08:47.862 INFORMACIÓN [localhost-startStop-1] org.apache.openejb.assembler.classic.Assembler.startEjbs Started Ejb(deployment-id=PostController, ejb-name=PostController, container=Default Stateless Container)
04-Dec-2017 21:08:47.884 INFORMACIÓN [localhost-startStop-1] org.apache.openejb.assembler.classic.Assembler.startEjbs Started Ejb(deployment-id=UserController, ejb-name=UserController, container=Default Stateless Container)
04-Dec-2017 21:08:47.892 INFORMACIÓN [localhost-startStop-1] org.apache.openejb.assembler.classic.Assembler.startEjbs Started Ejb(deployment-id=CommentController, ejb-name=CommentController, container=Default Stateless Container)
04-Dec-2017 21:08:47.898 INFORMACIÓN [localhost-startStop-1] org.apache.openejb.assembler.classic.Assembler.startEjbs Started Ejb(deployment-id=ImageController, ejb-name=ImageController, container=Default Stateless Container)
04-Dec-2017 21:08:47.903 INFORMACIÓN [localhost-startStop-1] org.apache.openejb.assembler.classic.Assembler.createApplication Deployed Application(path=/home/mauro/proyects/soho-master/target/apache-tomee/webapps/ROOT)
04-Dec-2017 21:08:48.097 INFORMACIÓN [localhost-startStop-1] org.apache.tomee.myfaces.TomEEMyFacesContainerInitializer.addListener Installing <listener>org.apache.myfaces.webapp.StartupServletContextListener</listener>
04-Dec-2017 21:08:48.205 INFORMACIÓN [localhost-startStop-1] org.apache.myfaces.config.DefaultFacesConfigurationProvider.getStandardFacesConfig Reading standard config META-INF/standard-faces-config.xml
04-Dec-2017 21:08:48.564 INFORMACIÓN [localhost-startStop-1] org.apache.myfaces.config.DefaultFacesConfigurationProvider.getWebAppFacesConfig Reading config /WEB-INF/faces-config.xml
04-Dec-2017 21:08:48.604 INFORMACIÓN [localhost-startStop-1] org.apache.myfaces.config.DefaultFacesConfigurationProvider.getClassloaderFacesConfig Reading config : jar:file:/home/mauro/proyects/soho-master/target/apache-tomee/lib/openwebbeans-jsf-1.7.4.jar!/META-INF/faces-config.xml
04-Dec-2017 21:08:48.609 INFORMACIÓN [localhost-startStop-1] org.apache.myfaces.config.DefaultFacesConfigurationProvider.getClassloaderFacesConfig Reading config : jar:file:/home/mauro/proyects/soho-master/target/apache-tomee/lib/openwebbeans-el22-1.7.4.jar!/META-INF/faces-config.xml
04-Dec-2017 21:08:48.750 INFORMACIÓN [localhost-startStop-1] org.apache.myfaces.config.LogMetaInfUtils.logArtifact Artifact 'myfaces-api' was found in version '2.2.12' from path 'file:/home/mauro/proyects/soho-master/target/apache-tomee/lib/myfaces-api-2.2.12.jar'
04-Dec-2017 21:08:48.750 INFORMACIÓN [localhost-startStop-1] org.apache.myfaces.config.LogMetaInfUtils.logArtifact Artifact 'myfaces-impl' was found in version '2.2.12' from path 'file:/home/mauro/proyects/soho-master/target/apache-tomee/lib/myfaces-impl-2.2.12.jar'
04-Dec-2017 21:08:48.761 INFORMACIÓN [localhost-startStop-1] org.apache.myfaces.util.ExternalSpecifications.isCDIAvailable MyFaces CDI support enabled
04-Dec-2017 21:08:48.763 INFORMACIÓN [localhost-startStop-1] org.apache.myfaces.spi.impl.DefaultInjectionProviderFactory.getInjectionProvider Using InjectionProvider org.apache.myfaces.spi.impl.CDIAnnotationDelegateInjectionProvider
04-Dec-2017 21:08:48.825 INFORMACIÓN [localhost-startStop-1] org.apache.myfaces.util.ExternalSpecifications.isBeanValidationAvailable MyFaces Bean Validation support enabled
04-Dec-2017 21:08:48.886 INFORMACIÓN [localhost-startStop-1] org.apache.myfaces.application.ApplicationImpl.getProjectStage Couldn't discover the current project stage, using Production
04-Dec-2017 21:08:48.886 INFORMACIÓN [localhost-startStop-1] org.apache.myfaces.config.FacesConfigurator.handleSerialFactory Serialization provider : class org.apache.myfaces.shared_impl.util.serial.DefaultSerialFactory
04-Dec-2017 21:08:48.892 INFORMACIÓN [localhost-startStop-1] org.apache.myfaces.config.annotation.DefaultLifecycleProviderFactory.getLifecycleProvider Using LifecycleProvider org.apache.myfaces.config.annotation.Tomcat7AnnotationLifecycleProvider
04-Dec-2017 21:08:49.098 INFORMACIÓN [localhost-startStop-1] org.apache.myfaces.webapp.AbstractFacesInitializer.initFaces ServletContext initialized.
04-Dec-2017 21:08:49.105 INFORMACIÓN [localhost-startStop-1] org.apache.myfaces.util.ExternalSpecifications.isUnifiedELAvailable MyFaces Unified EL support enabled
04-Dec-2017 21:08:49.109 INFORMACIÓN [localhost-startStop-1] org.apache.myfaces.view.facelets.ViewPoolProcessor.initialize org.apache.myfaces.CACHE_EL_EXPRESSIONS web config parameter is set to "noCache". To enable view pooling this param must be set to "alwaysRecompile". View Pooling disabled.
04-Dec-2017 21:08:49.124 INFORMACIÓN [localhost-startStop-1] org.apache.myfaces.webapp.StartupServletContextListener.contextInitialized MyFaces Core has started, it took [1010] ms.
04-Dec-2017 21:08:49.204 INFORMACIÓN [localhost-startStop-1] sun.reflect.DelegatingMethodAccessorImpl.invoke Deployment of web application archive [/home/mauro/proyects/soho-master/target/apache-tomee/webapps/ROOT.war] has finished in [4.293] ms
04-Dec-2017 21:08:49.215 INFORMACIÓN [Catalina-startStop-1] sun.reflect.DelegatingMethodAccessorImpl.invoke Unable to set the web application class loader property [clearReferencesRmiTargets] to [true] as the property does not exist.
04-Dec-2017 21:08:49.226 INFORMACIÓN [main] sun.reflect.DelegatingMethodAccessorImpl.invoke Starting ProtocolHandler ["http-nio-8080"]
04-Dec-2017 21:08:49.235 INFORMACIÓN [main] sun.reflect.DelegatingMethodAccessorImpl.invoke Starting ProtocolHandler ["ajp-nio-8009"]
04-Dec-2017 21:08:49.247 INFORMACIÓN [main] sun.reflect.DelegatingMethodAccessorImpl.invoke Server startup in 4402 ms
04-Dec-2017 21:08:53.357 INFORMACIÓN [http-nio-8080-exec-3] org.apache.myfaces.el.unified.ResolverBuilderBase.sortELResolvers Chain of EL resolvers for JSP sorted with: org.apache.myfaces.el.unified.OpenWebBeansELResolverComparator@7153ea02 and the result order is [org.apache.myfaces.el.unified.resolver.implicitobject.ImplicitObjectResolver@756c60f0, org.apache.myfaces.el.FlashELResolver@306ee039, org.apache.myfaces.el.unified.resolver.ManagedBeanResolver@6ff925bf, org.apache.myfaces.el.unified.resolver.ResourceBundleResolver@114d1b8, org.apache.myfaces.el.unified.resolver.ResourceResolver@17694a8a, org.apache.webbeans.el22.WebBeansELResolver@50411f76, org.apache.myfaces.el.convert.VariableResolverToELResolver@76330c1c, org.apache.myfaces.el.convert.PropertyResolverToELResolver@518d8a73]
04-Dec-2017 21:08:53.484 INFORMACIÓN [http-nio-8080-exec-3] org.apache.myfaces.el.unified.ResolverBuilderBase.sortELResolvers Chain of EL resolvers for Faces sorted with: org.apache.myfaces.el.unified.OpenWebBeansELResolverComparator@7153ea02 and the result order is [org.apache.myfaces.el.unified.resolver.implicitobject.ImplicitObjectResolver@c6da7d2, org.apache.myfaces.el.unified.resolver.CompositeComponentELResolver@540fa386, org.apache.webbeans.el22.WebBeansELResolver@50411f76, org.apache.myfaces.el.convert.VariableResolverToELResolver@3ab216f7, org.apache.myfaces.el.convert.PropertyResolverToELResolver@751cdc0, org.apache.myfaces.el.FlashELResolver@66e3b9cf, org.apache.myfaces.el.unified.resolver.ManagedBeanResolver@4fd93506, org.apache.myfaces.el.unified.resolver.ResourceResolver@65f697a4, javax.el.ResourceBundleELResolver@6cc06917, org.apache.myfaces.el.unified.resolver.ResourceBundleResolver@17968881, org.apache.el.stream.StreamELResolverImpl@1161fe70, javax.el.StaticFieldELResolver@40fb104f, javax.el.MapELResolver@2f1c4196, javax.el.ListELResolver@c6d1674, javax.el.ArrayELResolver@1261ebf7, javax.el.BeanELResolver@a80f89c]
04-Dec-2017 21:08:53.687 INFORMACIÓN [http-nio-8080-exec-3] javax.faces.component._ExternalSpecifications.isBeanValidationAvailable MyFaces Bean Validation support enabled
04-Dec-2017 21:08:53.789 ADVERTENCIA [http-nio-8080-exec-3] org.apache.myfaces.renderkit.html.HtmlStylesheetRenderer.encodeEnd Resource referenced by resourceName style.css and libraryName css not found in call to ResourceHandler.createResource. It will be silenty ignored.
04-Dec-2017 21:08:53.798 ADVERTENCIA [http-nio-8080-exec-3] org.apache.myfaces.renderkit.html.HtmlStylesheetRenderer.encodeEnd Resource referenced by resourceName style.css and libraryName css not found in call to ResourceHandler.createResource. It will be silenty ignored.
04-Dec-2017 21:08:56.888 INFORMACIÓN [http-nio-8080-exec-4] null.openjpa.Runtime Starting OpenJPA 2.4.2
04-Dec-2017 21:08:56.967 INFORMACIÓN [http-nio-8080-exec-4] null.openjpa.jdbc.JDBC Using dictionary class "org.apache.openjpa.jdbc.sql.MySQLDictionary" (MySQL 5.7.18-0ubuntu0.16.04.1 ,MySQL-AB JDBC Driver mysql-connector-java-5.1.6 ( Revision: ${svn.Revision} )).
04-Dec-2017 21:08:56.992 INFORMACIÓN [http-nio-8080-exec-4] null.openjpa.jdbc.JDBC Connected to MySQL version 5.5 using JDBC driver MySQL-AB JDBC Driver version mysql-connector-java-5.1.6 ( Revision: ${svn.Revision} ). 
04-Dec-2017 21:08:57.271 ADVERTENCIA [http-nio-8080-exec-4] null.openjpa.jdbc.Schema Existing column "username" on table "Post" is incompatible with the same column in the given schema definition. Existing column:
Full Name: Post.username
Type: varchar
Size: 30
Default: null
Not Null: true
Given column:
Full Name: Post.username
Type: varchar
Size: 255
Default: null
Not Null: false

04-Dec-2017 21:08:57.271 ADVERTENCIA [http-nio-8080-exec-4] null.openjpa.jdbc.Schema Existing column "email" on table "User" is incompatible with the same column in the given schema definition. Existing column:
Full Name: User.email
Type: varchar
Size: 50
Default: null
Not Null: true
Given column:
Full Name: User.email
Type: varchar
Size: 255
Default: null
Not Null: false

04-Dec-2017 21:08:57.271 ADVERTENCIA [http-nio-8080-exec-4] null.openjpa.jdbc.Schema Existing column "lastname" on table "User" is incompatible with the same column in the given schema definition. Existing column:
Full Name: User.lastname
Type: varchar
Size: 20
Default: null
Not Null: true
Given column:
Full Name: User.lastname
Type: varchar
Size: 255
Default: null
Not Null: false

04-Dec-2017 21:08:57.272 ADVERTENCIA [http-nio-8080-exec-4] null.openjpa.jdbc.Schema Existing column "name" on table "User" is incompatible with the same column in the given schema definition. Existing column:
Full Name: User.name
Type: varchar
Size: 20
Default: null
Not Null: true
Given column:
Full Name: User.name
Type: varchar
Size: 255
Default: null
Not Null: false

04-Dec-2017 21:08:57.272 ADVERTENCIA [http-nio-8080-exec-4] null.openjpa.jdbc.Schema Existing column "password" on table "User" is incompatible with the same column in the given schema definition. Existing column:
Full Name: User.password
Type: varchar
Size: 30
Default: null
Not Null: true
Given column:
Full Name: User.password
Type: varchar
Size: 255
Default: null
Not Null: false

04-Dec-2017 21:08:57.697 ADVERTENCIA [http-nio-8080-exec-5] org.apache.myfaces.renderkit.html.HtmlStylesheetRenderer.encodeEnd Resource referenced by resourceName style.css and libraryName css not found in call to ResourceHandler.createResource. It will be silenty ignored.
04-Dec-2017 21:08:57.698 ADVERTENCIA [http-nio-8080-exec-5] org.apache.myfaces.renderkit.html.HtmlStylesheetRenderer.encodeEnd Resource referenced by resourceName style.css and libraryName css not found in call to ResourceHandler.createResource. It will be silenty ignored.
04-Dec-2017 21:08:58.022 GRAVE [http-nio-8080-exec-6] org.apache.openejb.core.transaction.EjbTransactionUtil.handleSystemException EjbTransactionUtil.handleSystemException: Query "Select i From Image i Where i.path = :path" selected no result, but expected unique result.
 javax.persistence.NoResultException: Query "Select i From Image i Where i.path = :path" selected no result, but expected unique result.
	at org.apache.openjpa.persistence.QueryImpl.getSingleResult(QueryImpl.java:320)
	at controller.ImageController.findByPath(ImageController.java:72)
	at sun.reflect.NativeMethodAccessorImpl.invoke0(Native Method)
	at sun.reflect.NativeMethodAccessorImpl.invoke(NativeMethodAccessorImpl.java:62)
	at sun.reflect.DelegatingMethodAccessorImpl.invoke(DelegatingMethodAccessorImpl.java:43)
	at java.lang.reflect.Method.invoke(Method.java:498)
	at org.apache.openejb.core.interceptor.ReflectionInvocationContext$Invocation.invoke(ReflectionInvocationContext.java:205)
	at org.apache.openejb.core.interceptor.ReflectionInvocationContext.proceed(ReflectionInvocationContext.java:186)
	at org.apache.openejb.monitoring.StatsInterceptor.record(StatsInterceptor.java:181)
	at org.apache.openejb.monitoring.StatsInterceptor.invoke(StatsInterceptor.java:100)
	at sun.reflect.NativeMethodAccessorImpl.invoke0(Native Method)
	at sun.reflect.NativeMethodAccessorImpl.invoke(NativeMethodAccessorImpl.java:62)
	at sun.reflect.DelegatingMethodAccessorImpl.invoke(DelegatingMethodAccessorImpl.java:43)
	at java.lang.reflect.Method.invoke(Method.java:498)
	at org.apache.openejb.core.interceptor.ReflectionInvocationContext$Invocation.invoke(ReflectionInvocationContext.java:205)
	at org.apache.openejb.core.interceptor.ReflectionInvocationContext.proceed(ReflectionInvocationContext.java:186)
	at org.apache.openejb.core.interceptor.InterceptorStack.invoke(InterceptorStack.java:85)
	at org.apache.openejb.core.stateless.StatelessContainer._invoke(StatelessContainer.java:252)
	at org.apache.openejb.core.stateless.StatelessContainer.invoke(StatelessContainer.java:212)
	at org.apache.openejb.core.ivm.EjbObjectProxyHandler.synchronizedBusinessMethod(EjbObjectProxyHandler.java:265)
	at org.apache.openejb.core.ivm.EjbObjectProxyHandler.businessMethod(EjbObjectProxyHandler.java:260)
	at org.apache.openejb.core.ivm.EjbObjectProxyHandler._invoke(EjbObjectProxyHandler.java:89)
	at org.apache.openejb.core.ivm.BaseEjbProxyHandler.invoke(BaseEjbProxyHandler.java:347)
	at controller.ImageController$$LocalBeanProxy.findByPath(controller/ImageController.java)
	at view.ImageMb.doGet(ImageMb.java:31)
	at javax.servlet.http.HttpServlet.service(HttpServlet.java:635)
	at javax.servlet.http.HttpServlet.service(HttpServlet.java:742)
	at org.apache.catalina.core.ApplicationFilterChain.internalDoFilter(ApplicationFilterChain.java:231)
	at org.apache.catalina.core.ApplicationFilterChain.doFilter(ApplicationFilterChain.java:166)
	at org.apache.tomcat.websocket.server.WsFilter.doFilter(WsFilter.java:52)
	at org.apache.catalina.core.ApplicationFilterChain.internalDoFilter(ApplicationFilterChain.java:193)
	at org.apache.catalina.core.ApplicationFilterChain.doFilter(ApplicationFilterChain.java:166)
	at org.apache.openejb.server.httpd.EEFilter.doFilter(EEFilter.java:65)
	at org.apache.catalina.core.ApplicationFilterChain.internalDoFilter(ApplicationFilterChain.java:193)
	at org.apache.catalina.core.ApplicationFilterChain.doFilter(ApplicationFilterChain.java:166)
	at org.apache.catalina.core.StandardWrapperValve.invoke(StandardWrapperValve.java:198)
	at org.apache.catalina.core.StandardContextValve.invoke(StandardContextValve.java:96)
	at org.apache.tomee.catalina.OpenEJBValve.invoke(OpenEJBValve.java:44)
	at org.apache.catalina.authenticator.AuthenticatorBase.invoke(AuthenticatorBase.java:478)
	at org.apache.catalina.core.StandardHostValve.invoke(StandardHostValve.java:140)
	at org.apache.catalina.valves.ErrorReportValve.invoke(ErrorReportValve.java:80)
	at org.apache.tomee.catalina.OpenEJBSecurityListener$RequestCapturer.invoke(OpenEJBSecurityListener.java:97)
	at org.apache.catalina.valves.AbstractAccessLogValve.invoke(AbstractAccessLogValve.java:650)
	at org.apache.catalina.core.StandardEngineValve.invoke(StandardEngineValve.java:87)
	at org.apache.catalina.connector.CoyoteAdapter.service(CoyoteAdapter.java:342)
	at org.apache.coyote.http11.Http11Processor.service(Http11Processor.java:799)
	at org.apache.coyote.AbstractProcessorLight.process(AbstractProcessorLight.java:66)
	at org.apache.coyote.AbstractProtocol$ConnectionHandler.process(AbstractProtocol.java:868)
	at org.apache.tomcat.util.net.NioEndpoint$SocketProcessor.doRun(NioEndpoint.java:1457)
	at org.apache.tomcat.util.net.SocketProcessorBase.run(SocketProcessorBase.java:49)
	at java.util.concurrent.ThreadPoolExecutor.runWorker(ThreadPoolExecutor.java:1142)
	at java.util.concurrent.ThreadPoolExecutor$Worker.run(ThreadPoolExecutor.java:617)
	at org.apache.tomcat.util.threads.TaskThread$WrappingRunnable.run(TaskThread.java:61)
	at java.lang.Thread.run(Thread.java:748)

04-Dec-2017 21:27:34.513 ADVERTENCIA [http-nio-8080-exec-10] org.apache.myfaces.renderkit.html.HtmlStylesheetRenderer.encodeEnd Resource referenced by resourceName style.css and libraryName css not found in call to ResourceHandler.createResource. It will be silenty ignored.
04-Dec-2017 21:27:34.514 ADVERTENCIA [http-nio-8080-exec-10] org.apache.myfaces.renderkit.html.HtmlStylesheetRenderer.encodeEnd Resource referenced by resourceName style.css and libraryName css not found in call to ResourceHandler.createResource. It will be silenty ignored.
04-Dec-2017 21:27:44.240 ADVERTENCIA [http-nio-8080-exec-1] org.apache.myfaces.renderkit.html.HtmlStylesheetRenderer.encodeEnd Resource referenced by resourceName style.css and libraryName css not found in call to ResourceHandler.createResource. It will be silenty ignored.
04-Dec-2017 21:27:44.241 ADVERTENCIA [http-nio-8080-exec-1] org.apache.myfaces.renderkit.html.HtmlStylesheetRenderer.encodeEnd Resource referenced by resourceName style.css and libraryName css not found in call to ResourceHandler.createResource. It will be silenty ignored.
04-Dec-2017 21:27:44.804 GRAVE [http-nio-8080-exec-3] org.apache.openejb.core.transaction.EjbTransactionUtil.handleSystemException EjbTransactionUtil.handleSystemException: Query "Select i From Image i Where i.path = :path" selected no result, but expected unique result.
 javax.persistence.NoResultException: Query "Select i From Image i Where i.path = :path" selected no result, but expected unique result.
	at org.apache.openjpa.persistence.QueryImpl.getSingleResult(QueryImpl.java:320)
	at controller.ImageController.findByPath(ImageController.java:72)
	at sun.reflect.GeneratedMethodAccessor114.invoke(Unknown Source)
	at sun.reflect.DelegatingMethodAccessorImpl.invoke(DelegatingMethodAccessorImpl.java:43)
	at java.lang.reflect.Method.invoke(Method.java:498)
	at org.apache.openejb.core.interceptor.ReflectionInvocationContext$Invocation.invoke(ReflectionInvocationContext.java:205)
	at org.apache.openejb.core.interceptor.ReflectionInvocationContext.proceed(ReflectionInvocationContext.java:186)
	at org.apache.openejb.monitoring.StatsInterceptor.record(StatsInterceptor.java:181)
	at org.apache.openejb.monitoring.StatsInterceptor.invoke(StatsInterceptor.java:100)
	at sun.reflect.GeneratedMethodAccessor89.invoke(Unknown Source)
	at sun.reflect.DelegatingMethodAccessorImpl.invoke(DelegatingMethodAccessorImpl.java:43)
	at java.lang.reflect.Method.invoke(Method.java:498)
	at org.apache.openejb.core.interceptor.ReflectionInvocationContext$Invocation.invoke(ReflectionInvocationContext.java:205)
	at org.apache.openejb.core.interceptor.ReflectionInvocationContext.proceed(ReflectionInvocationContext.java:186)
	at org.apache.openejb.core.interceptor.InterceptorStack.invoke(InterceptorStack.java:85)
	at org.apache.openejb.core.stateless.StatelessContainer._invoke(StatelessContainer.java:252)
	at org.apache.openejb.core.stateless.StatelessContainer.invoke(StatelessContainer.java:212)
	at org.apache.openejb.core.ivm.EjbObjectProxyHandler.synchronizedBusinessMethod(EjbObjectProxyHandler.java:265)
	at org.apache.openejb.core.ivm.EjbObjectProxyHandler.businessMethod(EjbObjectProxyHandler.java:260)
	at org.apache.openejb.core.ivm.EjbObjectProxyHandler._invoke(EjbObjectProxyHandler.java:89)
	at org.apache.openejb.core.ivm.BaseEjbProxyHandler.invoke(BaseEjbProxyHandler.java:347)
	at controller.ImageController$$LocalBeanProxy.findByPath(controller/ImageController.java)
	at view.ImageMb.doGet(ImageMb.java:31)
	at javax.servlet.http.HttpServlet.service(HttpServlet.java:635)
	at javax.servlet.http.HttpServlet.service(HttpServlet.java:742)
	at org.apache.catalina.core.ApplicationFilterChain.internalDoFilter(ApplicationFilterChain.java:231)
	at org.apache.catalina.core.ApplicationFilterChain.doFilter(ApplicationFilterChain.java:166)
	at org.apache.tomcat.websocket.server.WsFilter.doFilter(WsFilter.java:52)
	at org.apache.catalina.core.ApplicationFilterChain.internalDoFilter(ApplicationFilterChain.java:193)
	at org.apache.catalina.core.ApplicationFilterChain.doFilter(ApplicationFilterChain.java:166)
	at org.apache.openejb.server.httpd.EEFilter.doFilter(EEFilter.java:65)
	at org.apache.catalina.core.ApplicationFilterChain.internalDoFilter(ApplicationFilterChain.java:193)
	at org.apache.catalina.core.ApplicationFilterChain.doFilter(ApplicationFilterChain.java:166)
	at org.apache.catalina.core.StandardWrapperValve.invoke(StandardWrapperValve.java:198)
	at org.apache.catalina.core.StandardContextValve.invoke(StandardContextValve.java:96)
	at org.apache.tomee.catalina.OpenEJBValve.invoke(OpenEJBValve.java:44)
	at org.apache.catalina.authenticator.AuthenticatorBase.invoke(AuthenticatorBase.java:478)
	at org.apache.catalina.core.StandardHostValve.invoke(StandardHostValve.java:140)
	at org.apache.catalina.valves.ErrorReportValve.invoke(ErrorReportValve.java:80)
	at org.apache.tomee.catalina.OpenEJBSecurityListener$RequestCapturer.invoke(OpenEJBSecurityListener.java:97)
	at org.apache.catalina.valves.AbstractAccessLogValve.invoke(AbstractAccessLogValve.java:650)
	at org.apache.catalina.core.StandardEngineValve.invoke(StandardEngineValve.java:87)
	at org.apache.catalina.connector.CoyoteAdapter.service(CoyoteAdapter.java:342)
	at org.apache.coyote.http11.Http11Processor.service(Http11Processor.java:799)
	at org.apache.coyote.AbstractProcessorLight.process(AbstractProcessorLight.java:66)
	at org.apache.coyote.AbstractProtocol$ConnectionHandler.process(AbstractProtocol.java:868)
	at org.apache.tomcat.util.net.NioEndpoint$SocketProcessor.doRun(NioEndpoint.java:1457)
	at org.apache.tomcat.util.net.SocketProcessorBase.run(SocketProcessorBase.java:49)
	at java.util.concurrent.ThreadPoolExecutor.runWorker(ThreadPoolExecutor.java:1142)
	at java.util.concurrent.ThreadPoolExecutor$Worker.run(ThreadPoolExecutor.java:617)
	at org.apache.tomcat.util.threads.TaskThread$WrappingRunnable.run(TaskThread.java:61)
	at java.lang.Thread.run(Thread.java:748)

